<?xml version="1.0" encoding="UTF-8"?>
<!-- Generated by org.testng.reporters.JUnitXMLReporter -->
<testsuite ignored="0" hostname="DESKTOP-54PS5CM" failures="0" tests="4" name="Default test" time="4.336" errors="0" timestamp="2023-01-24T11:03:48 MST">
  <testcase classname="tests.LoginTest" name="loginTestFailedMethod" time="0.884"/>
  <testcase classname="tests.LoginTest" name="loginTestFailedMethod" time="0.982"/>
  <testcase classname="tests.LoginTest" name="loginTestFailedMethod" time="0.942"/>
  <testcase classname="tests.LoginTest" name="loginMethod" time="1.4"/>
</testsuite> <!-- Default test -->
