<?xml version="1.0" encoding="UTF-8"?>
<!-- Generated by org.testng.reporters.JUnitXMLReporter -->
<testsuite ignored="0" hostname="DESKTOP-54PS5CM" failures="0" tests="5" name="Default test" time="5.583" errors="0" timestamp="2023-01-28T11:41:40 MST">
  <testcase classname="tests.LoginTest" name="loginTestFailedMethod" time="0.681"/>
  <testcase classname="tests.LoginTest" name="loginTestFailedMethod" time="0.849"/>
  <testcase classname="tests.LoginTest" name="loginTestFailedMethod" time="0.888"/>
  <testcase classname="tests.LoginTest" name="loginMethod" time="1.135"/>
  <testcase classname="tests.LoginTest" name="addToCartMethod" time="1.929"/>
</testsuite> <!-- Default test -->
