<?xml version="1.0" encoding="UTF-8"?>
<testng-results ignored="0" total="4" passed="4" failed="0" skipped="0">
  <reporter-output>
  </reporter-output>
  <suite started-at="2023-01-24T11:03:44 MST" name="Default suite" finished-at="2023-01-24T11:03:48 MST" duration-ms="4336">
    <groups>
    </groups>
    <test started-at="2023-01-24T11:03:44 MST" name="Default test" finished-at="2023-01-24T11:03:48 MST" duration-ms="4336">
      <class name="tests.LoginTest">
        <test-method signature="loginTestFailedMethod(java.lang.String,java.lang.String,java.lang.String)[pri:0, instance:tests.LoginTest@250b236d]" started-at="2023-01-24T11:03:44 MST" name="loginTestFailedMethod" data-provider="swagLabLoginFailedMethod" finished-at="2023-01-24T11:03:45 MST" duration-ms="884" status="PASS">
          <params>
            <param index="0">
              <value>
                <![CDATA[ ]]>
              </value>
            </param>
            <param index="1">
              <value>
                <![CDATA[secret_sauce]]>
              </value>
            </param>
            <param index="2">
              <value>
                <![CDATA[Epic sadface: Username and password do not match any user in this service]]>
              </value>
            </param>
          </params>
          <reporter-output>
          </reporter-output>
        </test-method> <!-- loginTestFailedMethod -->
        <test-method signature="loginTestFailedMethod(java.lang.String,java.lang.String,java.lang.String)[pri:0, instance:tests.LoginTest@250b236d]" started-at="2023-01-24T11:03:45 MST" name="loginTestFailedMethod" data-provider="swagLabLoginFailedMethod" finished-at="2023-01-24T11:03:46 MST" duration-ms="982" status="PASS">
          <params>
            <param index="0">
              <value>
                <![CDATA[locked_out_user]]>
              </value>
            </param>
            <param index="1">
              <value>
                <![CDATA[secret_sauce]]>
              </value>
            </param>
            <param index="2">
              <value>
                <![CDATA[Epic sadface: Sorry, this user has been locked out.]]>
              </value>
            </param>
          </params>
          <reporter-output>
          </reporter-output>
        </test-method> <!-- loginTestFailedMethod -->
        <test-method signature="loginTestFailedMethod(java.lang.String,java.lang.String,java.lang.String)[pri:0, instance:tests.LoginTest@250b236d]" started-at="2023-01-24T11:03:46 MST" name="loginTestFailedMethod" data-provider="swagLabLoginFailedMethod" finished-at="2023-01-24T11:03:46 MST" duration-ms="942" status="PASS">
          <params>
            <param index="0">
              <value>
                <![CDATA[standard_user]]>
              </value>
            </param>
            <param index="1">
              <value>
                <![CDATA[ ]]>
              </value>
            </param>
            <param index="2">
              <value>
                <![CDATA[Epic sadface: Username and password do not match any user in this service]]>
              </value>
            </param>
          </params>
          <reporter-output>
          </reporter-output>
        </test-method> <!-- loginTestFailedMethod -->
        <test-method signature="loginMethod(java.lang.String,java.lang.String,java.lang.String)[pri:1, instance:tests.LoginTest@250b236d]" started-at="2023-01-24T11:03:46 MST" name="loginMethod" data-provider="swagLabLoginMethod" finished-at="2023-01-24T11:03:48 MST" duration-ms="1400" status="PASS">
          <params>
            <param index="0">
              <value>
                <![CDATA[standard_user]]>
              </value>
            </param>
            <param index="1">
              <value>
                <![CDATA[secret_sauce]]>
              </value>
            </param>
            <param index="2">
              <value>
                <![CDATA[PRODUCTS]]>
              </value>
            </param>
          </params>
          <reporter-output>
          </reporter-output>
        </test-method> <!-- loginMethod -->
      </class> <!-- tests.LoginTest -->
    </test> <!-- Default test -->
  </suite> <!-- Default suite -->
</testng-results>
