<?xml version="1.0" encoding="UTF-8"?>
<testng-results ignored="0" total="5" passed="5" failed="0" skipped="0">
  <reporter-output>
  </reporter-output>
  <suite started-at="2023-01-28T11:41:35 MST" name="Default suite" finished-at="2023-01-28T11:41:40 MST" duration-ms="5583">
    <groups>
    </groups>
    <test started-at="2023-01-28T11:41:35 MST" name="Default test" finished-at="2023-01-28T11:41:40 MST" duration-ms="5583">
      <class name="tests.LoginTest">
        <test-method signature="loginTestFailedMethod(java.lang.String,java.lang.String,java.lang.String)[pri:1, instance:tests.LoginTest@2849434b]" started-at="2023-01-28T11:41:35 MST" name="loginTestFailedMethod" data-provider="swagLabLoginFailedMethod" finished-at="2023-01-28T11:41:36 MST" duration-ms="681" status="PASS">
          <params>
            <param index="0">
              <value>
                <![CDATA[ ]]>
              </value>
            </param>
            <param index="1">
              <value>
                <![CDATA[secret_sauce]]>
              </value>
            </param>
            <param index="2">
              <value>
                <![CDATA[Epic sadface: Username and password do not match any user in this service]]>
              </value>
            </param>
          </params>
          <reporter-output>
          </reporter-output>
        </test-method> <!-- loginTestFailedMethod -->
        <test-method signature="loginTestFailedMethod(java.lang.String,java.lang.String,java.lang.String)[pri:1, instance:tests.LoginTest@2849434b]" started-at="2023-01-28T11:41:36 MST" name="loginTestFailedMethod" data-provider="swagLabLoginFailedMethod" finished-at="2023-01-28T11:41:36 MST" duration-ms="849" status="PASS">
          <params>
            <param index="0">
              <value>
                <![CDATA[locked_out_user]]>
              </value>
            </param>
            <param index="1">
              <value>
                <![CDATA[secret_sauce]]>
              </value>
            </param>
            <param index="2">
              <value>
                <![CDATA[Epic sadface: Sorry, this user has been locked out.]]>
              </value>
            </param>
          </params>
          <reporter-output>
          </reporter-output>
        </test-method> <!-- loginTestFailedMethod -->
        <test-method signature="loginTestFailedMethod(java.lang.String,java.lang.String,java.lang.String)[pri:1, instance:tests.LoginTest@2849434b]" started-at="2023-01-28T11:41:36 MST" name="loginTestFailedMethod" data-provider="swagLabLoginFailedMethod" finished-at="2023-01-28T11:41:37 MST" duration-ms="888" status="PASS">
          <params>
            <param index="0">
              <value>
                <![CDATA[standard_user]]>
              </value>
            </param>
            <param index="1">
              <value>
                <![CDATA[ ]]>
              </value>
            </param>
            <param index="2">
              <value>
                <![CDATA[Epic sadface: Username and password do not match any user in this service]]>
              </value>
            </param>
          </params>
          <reporter-output>
          </reporter-output>
        </test-method> <!-- loginTestFailedMethod -->
        <test-method signature="loginMethod(java.lang.String,java.lang.String,java.lang.String)[pri:2, instance:tests.LoginTest@2849434b]" started-at="2023-01-28T11:41:37 MST" name="loginMethod" data-provider="swagLabLoginMethod" finished-at="2023-01-28T11:41:38 MST" duration-ms="1135" status="PASS">
          <params>
            <param index="0">
              <value>
                <![CDATA[standard_user]]>
              </value>
            </param>
            <param index="1">
              <value>
                <![CDATA[secret_sauce]]>
              </value>
            </param>
            <param index="2">
              <value>
                <![CDATA[PRODUCTS]]>
              </value>
            </param>
          </params>
          <reporter-output>
          </reporter-output>
        </test-method> <!-- loginMethod -->
        <test-method signature="addToCartMethod(java.lang.String,java.lang.String)[pri:3, instance:tests.LoginTest@2849434b]" started-at="2023-01-28T11:41:38 MST" name="addToCartMethod" data-provider="swagLabAddToCart" finished-at="2023-01-28T11:41:40 MST" duration-ms="1929" status="PASS">
          <params>
            <param index="0">
              <value>
                <![CDATA[Sauce Labs Backpack#Sauce Labs Fleece Jacket#Sauce Labs Onesie]]>
              </value>
            </param>
            <param index="1">
              <value>
                <![CDATA[Sauce Labs Backpack#Sauce Labs Fleece Jacket#Sauce Labs Onesie]]>
              </value>
            </param>
          </params>
          <reporter-output>
          </reporter-output>
        </test-method> <!-- addToCartMethod -->
      </class> <!-- tests.LoginTest -->
    </test> <!-- Default test -->
  </suite> <!-- Default suite -->
</testng-results>
